\BOOKMARK [1][-]{section.1}{\376\377\000S\000y\000s\000t\000e\000m\000u\000e\000b\000e\000r\000s\000i\000c\000h\000t}{}% 1
\BOOKMARK [2][-]{subsection.1.1}{\376\377\000A\000r\000c\000h\000i\000t\000e\000k\000t\000u\000r\000p\000r\000i\000n\000z\000i\000p\000i\000e\000n}{section.1}% 2
\BOOKMARK [2][-]{subsection.1.2}{\376\377\000T\000e\000c\000h\000n\000o\000l\000o\000g\000i\000e\000-\000S\000t\000a\000c\000k}{section.1}% 3
\BOOKMARK [2][-]{subsection.1.3}{\376\377\000N\000e\000t\000z\000w\000e\000r\000k\000-\000T\000o\000p\000o\000l\000o\000g\000i\000e}{section.1}% 4
\BOOKMARK [1][-]{section.2}{\376\377\000K\000o\000m\000p\000o\000n\000e\000n\000t\000e\000n\000\040\000i\000m\000\040\000D\000e\000t\000a\000i\000l}{}% 5
\BOOKMARK [2][-]{subsection.2.1}{\376\377\000M\000o\000s\000q\000u\000i\000t\000t\000o\000\040\000M\000Q\000T\000T\000\040\000B\000r\000o\000k\000e\000r}{section.2}% 6
\BOOKMARK [2][-]{subsection.2.2}{\376\377\000N\000o\000d\000e\000-\000R\000E\000D}{section.2}% 7
\BOOKMARK [2][-]{subsection.2.3}{\376\377\000I\000n\000f\000l\000u\000x\000D\000B\000\040\0002\000.\000x}{section.2}% 8
\BOOKMARK [2][-]{subsection.2.4}{\376\377\000G\000r\000a\000f\000a\000n\000a}{section.2}% 9
\BOOKMARK [2][-]{subsection.2.5}{\376\377\000C\000a\000l\000e\000n\000d\000a\000r\000\040\000W\000e\000b\000h\000o\000o\000k\000\040\000S\000e\000r\000v\000e\000r}{section.2}% 10
\BOOKMARK [2][-]{subsection.2.6}{\376\377\000V\000e\000h\000i\000c\000l\000e\000\040\000S\000y\000n\000c\000\040\000S\000e\000r\000v\000i\000c\000e}{section.2}% 11
\BOOKMARK [1][-]{section.3}{\376\377\000D\000a\000t\000e\000n\000f\000l\000u\000s\000s}{}% 12
\BOOKMARK [2][-]{subsection.3.1}{\376\377\000E\000n\000d\000-\000t\000o\000-\000E\000n\000d\000\040\000F\000l\000o\000w}{section.3}% 13
\BOOKMARK [2][-]{subsection.3.2}{\376\377\000A\000l\000e\000r\000t\000-\000W\000o\000r\000k\000f\000l\000o\000w}{section.3}% 14
\BOOKMARK [2][-]{subsection.3.3}{\376\377\000L\000a\000t\000e\000n\000z\000-\000E\000r\000w\000a\000r\000t\000u\000n\000g\000e\000n}{section.3}% 15
\BOOKMARK [1][-]{section.4}{\376\377\000M\000Q\000T\000T\000-\000P\000r\000o\000t\000o\000k\000o\000l\000l}{}% 16
\BOOKMARK [2][-]{subsection.4.1}{\376\377\000T\000o\000p\000i\000c\000-\000S\000t\000r\000u\000k\000t\000u\000r}{section.4}% 17
\BOOKMARK [2][-]{subsection.4.2}{\376\377\000N\000a\000c\000h\000r\000i\000c\000h\000t\000e\000n\000f\000o\000r\000m\000a\000t\000e}{section.4}% 18
\BOOKMARK [2][-]{subsection.4.3}{\376\377\000Q\000o\000S\000-\000L\000e\000v\000e\000l}{section.4}% 19
\BOOKMARK [1][-]{section.5}{\376\377\000D\000a\000t\000e\000n\000m\000o\000d\000e\000l\000l\000\040\000\050\000I\000n\000f\000l\000u\000x\000D\000B\000\051}{}% 20
\BOOKMARK [2][-]{subsection.5.1}{\376\377\000M\000e\000a\000s\000u\000r\000e\000m\000e\000n\000t\000s}{section.5}% 21
\BOOKMARK [2][-]{subsection.5.2}{\376\377\000B\000e\000i\000s\000p\000i\000e\000l\000-\000Q\000u\000e\000r\000i\000e\000s\000\040\000\050\000F\000l\000u\000x\000\051}{section.5}% 22
\BOOKMARK [1][-]{section.6}{\376\377\000N\000o\000d\000e\000-\000R\000E\000D\000\040\000F\000l\000o\000w\000s}{}% 23
\BOOKMARK [2][-]{subsection.6.1}{\376\377\000H\000a\000u\000p\000t\000f\000l\000o\000w\000s}{section.6}% 24
\BOOKMARK [2][-]{subsection.6.2}{\376\377\000C\000S\000V\000\040\000P\000a\000r\000s\000e\000r\000\040\000L\000o\000g\000i\000k}{section.6}% 25
\BOOKMARK [2][-]{subsection.6.3}{\376\377\000H\000T\000T\000P\000\040\000R\000e\000q\000u\000e\000s\000t\000\040\000K\000o\000n\000f\000i\000g\000u\000r\000a\000t\000i\000o\000n}{section.6}% 26
\BOOKMARK [2][-]{subsection.6.4}{\376\377\000A\000l\000e\000r\000t\000-\000R\000e\000g\000e\000l\000n\000\040\000K\000o\000n\000f\000i\000g\000u\000r\000a\000t\000i\000o\000n}{section.6}% 27
\BOOKMARK [1][-]{section.7}{\376\377\000G\000r\000a\000f\000a\000n\000a\000\040\000D\000a\000s\000h\000b\000o\000a\000r\000d\000s}{}% 28
\BOOKMARK [2][-]{subsection.7.1}{\376\377\000H\000a\000u\000p\000t\000d\000a\000s\000h\000b\000o\000a\000r\000d\000\040\000\050\000F\000l\000o\000t\000t\000e\000n\000u\000e\000b\000e\000r\000s\000i\000c\000h\000t\000\051}{section.7}% 29
\BOOKMARK [2][-]{subsection.7.2}{\376\377\000D\000e\000t\000a\000i\000l\000-\000D\000a\000s\000h\000b\000o\000a\000r\000d\000\040\000\050\000F\000a\000h\000r\000z\000e\000u\000g\000\040\000D\000e\000t\000a\000i\000l\000s\000\051}{section.7}% 30
\BOOKMARK [2][-]{subsection.7.3}{\376\377\000D\000a\000s\000h\000b\000o\000a\000r\000d\000-\000P\000r\000o\000v\000i\000s\000i\000o\000n\000i\000n\000g}{section.7}% 31
\BOOKMARK [1][-]{section.8}{\376\377\000E\000S\000P\0003\0002\000\040\000I\000n\000t\000e\000g\000r\000a\000t\000i\000o\000n}{}% 32
\BOOKMARK [2][-]{subsection.8.1}{\376\377\000H\000a\000r\000d\000w\000a\000r\000e\000-\000S\000e\000t\000u\000p}{section.8}% 33
\BOOKMARK [2][-]{subsection.8.2}{\376\377\000L\000o\000R\000a\000\040\000T\000T\000N\000\040\000B\000r\000i\000d\000g\000e\000\040\000\050\000l\000o\000r\000a\000e\000m\000p\000f\000a\000n\000g\000.\000p\000y\000\051}{section.8}% 34
\BOOKMARK [1][-]{section.9}{\376\377\000S\000i\000c\000h\000e\000r\000h\000e\000i\000t}{}% 35
\BOOKMARK [1][-]{section.10}{\376\377\000T\000r\000o\000u\000b\000l\000e\000s\000h\000o\000o\000t\000i\000n\000g}{}% 36
\BOOKMARK [2][-]{subsection.10.1}{\376\377\000H\000a\000e\000u\000f\000i\000g\000e\000\040\000P\000r\000o\000b\000l\000e\000m\000e}{section.10}% 37
\BOOKMARK [2][-]{subsection.10.2}{\376\377\000L\000o\000g\000-\000D\000a\000t\000e\000i\000e\000n}{section.10}% 38
\BOOKMARK [2][-]{subsection.10.3}{\376\377\000N\000u\000e\000t\000z\000l\000i\000c\000h\000e\000\040\000B\000e\000f\000e\000h\000l\000e}{section.10}% 39
\BOOKMARK [1][-]{section.11}{\376\377\000A\000P\000I\000-\000R\000e\000f\000e\000r\000e\000n\000z}{}% 40
\BOOKMARK [2][-]{subsection.11.1}{\376\377\000C\000a\000l\000e\000n\000d\000a\000r\000\040\000W\000e\000b\000h\000o\000o\000k\000\040\000A\000P\000I}{section.11}% 41
\BOOKMARK [2][-]{subsection.11.2}{\376\377\000I\000n\000f\000l\000u\000x\000D\000B\000\040\000H\000T\000T\000P\000\040\000A\000P\000I}{section.11}% 42
\BOOKMARK [2][-]{subsection.11.3}{\376\377\000G\000r\000a\000f\000a\000n\000a\000\040\000A\000P\000I}{section.11}% 43
\BOOKMARK [2][-]{subsection.11.4}{\376\377\000N\000o\000d\000e\000-\000R\000E\000D\000\040\000A\000P\000I}{section.11}% 44
\BOOKMARK [2][-]{subsection.11.5}{\376\377\000V\000e\000h\000i\000c\000l\000e\000\040\000S\000y\000n\000c\000\040\000S\000e\000r\000v\000i\000c\000e}{section.11}% 45
\BOOKMARK [1][-]{section.12}{\376\377\000R\000e\000f\000l\000e\000k\000t\000i\000o\000n}{}% 46
\BOOKMARK [2][-]{subsection.12.1}{\376\377\000N\000i\000c\000h\000t\000\040\000e\000r\000f\000\374\000l\000l\000t\000e\000\040\000T\000h\000e\000m\000e\000n}{section.12}% 47
\BOOKMARK [1][-]{section.13}{\376\377\000A\000n\000h\000a\000n\000g}{}% 48
\BOOKMARK [2][-]{subsection.13.1}{\376\377\000U\000m\000g\000e\000b\000u\000n\000g\000s\000v\000a\000r\000i\000a\000b\000l\000e\000n}{section.13}% 49
\BOOKMARK [2][-]{subsection.13.2}{\376\377\000K\000o\000n\000f\000i\000g\000u\000r\000a\000t\000i\000o\000n\000s\000d\000a\000t\000e\000i\000e\000n}{section.13}% 50
\BOOKMARK [2][-]{subsection.13.3}{\376\377\000G\000o\000o\000g\000l\000e\000\040\000C\000a\000l\000e\000n\000d\000a\000r\000\040\000I\000n\000t\000e\000g\000r\000a\000t\000i\000o\000n}{section.13}% 51
\BOOKMARK [2][-]{subsection.13.4}{\376\377\000B\000a\000c\000k\000u\000p\000\040\000u\000n\000d\000\040\000W\000i\000e\000d\000e\000r\000h\000e\000r\000s\000t\000e\000l\000l\000u\000n\000g}{section.13}% 52
\BOOKMARK [2][-]{subsection.13.5}{\376\377\000R\000e\000f\000e\000r\000e\000n\000z\000e\000n}{section.13}% 53
\BOOKMARK [2][-]{subsection.13.6}{\376\377\000E\000x\000t\000e\000r\000n\000e\000\040\000D\000o\000k\000u\000m\000e\000n\000t\000a\000t\000i\000o\000n\000e\000n}{section.13}% 54
