This is pdfTeX, Version 3.141592653-2.6-1.40.27 (MiKTeX 25.4) (preloaded format=pdflatex 2025.7.10)  3 FEB 2026 20:16
entering extended mode
 restricted \write18 enabled.
 file:line:error style messages enabled.
 %&-line parsing enabled.
**"e:/Program Files/GX Browser/Schule/HTW/IoT/Smart-Car/docs/Techdocs/Gruppe6_AbschlussDokumentation.tex"
(e:/Program Files/GX Browser/Schule/HTW/IoT/Smart-Car/docs/Techdocs/Gruppe6_AbschlussDokumentation.tex
LaTeX2e <2025-06-01> patch level 1
L3 programming layer <2025-06-09>
(F:\Programme\LaTeX\tex/latex/base\article.cls
Document Class: article 2025/01/22 v1.4n Standard LaTeX document class
(F:\Programme\LaTeX\tex/latex/base\size12.clo
File: size12.clo 2025/01/22 v1.4n Standard LaTeX file (size option)
)
\c@part=\count275
\c@section=\count276
\c@subsection=\count277
\c@subsubsection=\count278
\c@paragraph=\count279
\c@subparagraph=\count280
\c@figure=\count281
\c@table=\count282
\abovecaptionskip=\skip49
\belowcaptionskip=\skip50
\bibindent=\dimen148
) (F:\Programme\LaTeX\tex/generic/babel\babel.sty
Package: babel 2025/05/14 v25.9 The multilingual framework for pdfLaTeX, LuaLaTeX and XeLaTeX
\babel@savecnt=\count283
LaTeX Encoding Info:    Redeclaring text command \ij (encoding OT1) on input line 2043.
LaTeX Encoding Info:    Redeclaring text command \IJ (encoding OT1) on input line 2045.
LaTeX Encoding Info:    Redeclaring text command \ij (encoding T1) on input line 2047.
LaTeX Encoding Info:    Redeclaring text command \IJ (encoding T1) on input line 2048.
LaTeX Encoding Info:    Ignoring declaration for text command \ij (encoding ?) on input line 2049.
LaTeX Encoding Info:    Ignoring declaration for text command \IJ (encoding ?) on input line 2051.
LaTeX Encoding Info:    Ignoring declaration for text command \SS (encoding ?) on input line 2076.
\U@D=\dimen149
\l@unhyphenated=\language79
 (F:\Programme\LaTeX\tex/generic/babel\txtbabel.def)
\bbl@readstream=\read2
\bbl@dirlevel=\count284

*************************************
* Local config file bblopts.cfg used
*
(F:\Programme\LaTeX\tex/latex/arabi\bblopts.cfg
File: bblopts.cfg 2005/09/08 v0.1 add Arabic and Farsi to "declared" options of babel
) (F:\Programme\LaTeX\tex/latex/babel-german\ngerman.ldf
Language: ngerman 2024/12/10 v2.15 German support for babel (post-1996 orthography)
 (F:\Programme\LaTeX\tex/generic/babel/locale/de\babel-ngerman.tex
Package babel Info: Importing font and identification data for ngerman
(babel)             from babel-de.ini. Reported on input line 11.
) (F:\Programme\LaTeX\tex/latex/babel-german\ngermanb.ldf
Language: ngermanb 2024/12/10 v2.15 German support for babel (post-1996 orthography)
Package babel Info: Making " an active character on input line 122.
))) (F:\Programme\LaTeX\tex/latex/lipsum\lipsum.sty (F:\Programme\LaTeX\tex/latex/l3packages/l3keys2e\l3keys2e.sty (F:\Programme\LaTeX\tex/latex/l3kernel\expl3.sty
Package: expl3 2025-06-09 L3 programming layer (loader) 
 (F:\Programme\LaTeX\tex/latex/l3backend\l3backend-pdftex.def
File: l3backend-pdftex.def 2025-06-09 L3 backend support: PDF output (pdfTeX)
\l__color_backend_stack_int=\count285
))
Package: l3keys2e 2024-08-16 LaTeX2e option processing using LaTeX3 keys
)
Package: lipsum 2021-09-20 v2.7 150 paragraphs of Lorem Ipsum dummy text
\g__lipsum_par_int=\count286
\l__lipsum_a_int=\count287
\l__lipsum_b_int=\count288
 (F:\Programme\LaTeX\tex/latex/lipsum\lipsum.ltd.tex)) (F:\Programme\LaTeX\tex/latex/pdfpages\pdfpages.sty
Package: pdfpages 2025/03/12 v0.6f Insert pages of external PDF documents (AM)
 (F:\Programme\LaTeX\tex/latex/base\ifthen.sty
Package: ifthen 2024/03/16 v1.1e Standard LaTeX ifthen package (DPC)
) (F:\Programme\LaTeX\tex/latex/tools\calc.sty
Package: calc 2025/03/01 v4.3b Infix arithmetic (KKT,FJ)
\calc@Acount=\count289
\calc@Bcount=\count290
\calc@Adimen=\dimen150
\calc@Bdimen=\dimen151
\calc@Askip=\skip51
\calc@Bskip=\skip52
LaTeX Info: Redefining \setlength on input line 86.
LaTeX Info: Redefining \addtolength on input line 87.
\calc@Ccount=\count291
\calc@Cskip=\skip53
) (F:\Programme\LaTeX\tex/latex/eso-pic\eso-pic.sty
Package: eso-pic 2023/05/03 v3.0c eso-pic (RN)
\ESO@tempdima=\dimen152
\ESO@tempdimb=\dimen153
 (F:\Programme\LaTeX\tex/latex/graphics\keyval.sty
Package: keyval 2022/05/29 v1.15 key=value parser (DPC)
\KV@toks@=\toks17
) (F:\Programme\LaTeX\tex/latex/xcolor\xcolor.sty
Package: xcolor 2024/09/29 v3.02 LaTeX color extensions (UK)
 (F:\Programme\LaTeX\tex/latex/graphics-cfg\color.cfg
File: color.cfg 2016/01/02 v1.6 sample color configuration
)
Package xcolor Info: Driver file: pdftex.def on input line 274.
 (F:\Programme\LaTeX\tex/latex/graphics-def\pdftex.def
File: pdftex.def 2024/04/13 v1.2c Graphics/color driver for pdftex
) (F:\Programme\LaTeX\tex/latex/graphics\mathcolor.ltx)
Package xcolor Info: Model `cmy' substituted by `cmy0' on input line 1349.
Package xcolor Info: Model `hsb' substituted by `rgb' on input line 1353.
Package xcolor Info: Model `RGB' extended on input line 1365.
Package xcolor Info: Model `HTML' substituted by `rgb' on input line 1367.
Package xcolor Info: Model `Hsb' substituted by `hsb' on input line 1368.
Package xcolor Info: Model `tHsb' substituted by `hsb' on input line 1369.
Package xcolor Info: Model `HSB' substituted by `hsb' on input line 1370.
Package xcolor Info: Model `Gray' substituted by `gray' on input line 1371.
Package xcolor Info: Model `wave' substituted by `hsb' on input line 1372.
)) (F:\Programme\LaTeX\tex/latex/etoolbox\etoolbox.sty
Package: etoolbox 2025/02/11 v2.5l e-TeX tools for LaTeX (JAW)
\etb@tempcnta=\count292
) (F:\Programme\LaTeX\tex/latex/graphics\graphicx.sty
Package: graphicx 2024/12/31 v1.2e Enhanced LaTeX Graphics (DPC,SPQR)
 (F:\Programme\LaTeX\tex/latex/graphics\graphics.sty
Package: graphics 2024/08/06 v1.4g Standard LaTeX Graphics (DPC,SPQR)
 (F:\Programme\LaTeX\tex/latex/graphics\trig.sty
Package: trig 2023/12/02 v1.11 sin cos tan (DPC)
) (F:\Programme\LaTeX\tex/latex/graphics-cfg\graphics.cfg
File: graphics.cfg 2016/06/04 v1.11 sample graphics configuration
)
Package graphics Info: Driver file: pdftex.def on input line 106.
)
\Gin@req@height=\dimen154
\Gin@req@width=\dimen155
)
\AM@pagewidth=\dimen156
\AM@pageheight=\dimen157
\AM@fboxrule=\dimen158
 (F:\Programme\LaTeX\tex/latex/pdfpages\pppdftex.def
File: pppdftex.def 2025/03/12 v0.6f Pdfpages driver for pdfTeX (AM)
)
\pdfpages@includegraphics@status=\count293
\AM@pagebox=\box53
\AM@global@opts=\toks18
\AM@pagecnt=\count294
\AM@toc@title=\toks19
\AM@lof@heading=\toks20
\c@AM@survey=\count295
\AM@templatesizebox=\box54
) (F:\Programme\LaTeX\tex/latex/base\fontenc.sty
Package: fontenc 2024/12/21 v2.1c Standard LaTeX package
) (F:\Programme\LaTeX\tex/latex/tools\longtable.sty
Package: longtable 2024-12-18 v4.23 Multi-page Table package (DPC)
\LTleft=\skip54
\LTright=\skip55
\LTpre=\skip56
\LTpost=\skip57
\LTchunksize=\count296
\LTcapwidth=\dimen159
\LT@head=\box55
\LT@firsthead=\box56
\LT@foot=\box57
\LT@lastfoot=\box58
\LT@gbox=\box59
\LT@cols=\count297
\LT@rows=\count298
\c@LT@tables=\count299
\c@LT@chunks=\count300
\LT@p@ftn=\toks21
) (F:\Programme\LaTeX\tex/latex/booktabs\booktabs.sty
Package: booktabs 2020/01/12 v1.61803398 Publication quality tables
\heavyrulewidth=\dimen160
\lightrulewidth=\dimen161
\cmidrulewidth=\dimen162
\belowrulesep=\dimen163
\belowbottomsep=\dimen164
\aboverulesep=\dimen165
\abovetopsep=\dimen166
\cmidrulesep=\dimen167
\cmidrulekern=\dimen168
\defaultaddspace=\dimen169
\@cmidla=\count301
\@cmidlb=\count302
\@aboverulesep=\dimen170
\@belowrulesep=\dimen171
\@thisruleclass=\count303
\@lastruleclass=\count304
\@thisrulewidth=\dimen172
) (F:\Programme\LaTeX\tex/latex/tools\tabularx.sty
Package: tabularx 2023/12/11 v2.12a `tabularx' package (DPC)
 (F:\Programme\LaTeX\tex/latex/tools\array.sty
Package: array 2025/06/08 v2.6j Tabular extension package (FMi)
\col@sep=\dimen173
\ar@mcellbox=\box60
\extrarowheight=\dimen174
\NC@list=\toks22
\extratabsurround=\skip58
\backup@length=\skip59
\ar@cellbox=\box61
)
\TX@col@width=\dimen175
\TX@old@table=\dimen176
\TX@old@col=\dimen177
\TX@target=\dimen178
\TX@delta=\dimen179
\TX@cols=\count305
\TX@ftn=\toks23
) (F:\Programme\LaTeX\tex/latex/enumitem\enumitem.sty
Package: enumitem 2025/02/06 v3.11 Customized lists
\labelindent=\skip60
\enit@outerparindent=\dimen180
\enit@toks=\toks24
\enit@inbox=\box62
\enit@count@id=\count306
\enitdp@description=\count307
) (F:\Programme\LaTeX\tex/latex/fancyhdr\fancyhdr.sty
Package: fancyhdr 2025/02/07 v5.2 Extensive control of page headers and footers
\f@nch@headwidth=\skip61
\f@nch@offset@elh=\skip62
\f@nch@offset@erh=\skip63
\f@nch@offset@olh=\skip64
\f@nch@offset@orh=\skip65
\f@nch@offset@elf=\skip66
\f@nch@offset@erf=\skip67
\f@nch@offset@olf=\skip68
\f@nch@offset@orf=\skip69
\f@nch@height=\skip70
\f@nch@footalignment=\skip71
\f@nch@widthL=\skip72
\f@nch@widthC=\skip73
\f@nch@widthR=\skip74
\@temptokenb=\toks25
) (F:\Programme\LaTeX\tex/latex/float\float.sty
Package: float 2001/11/08 v1.3d Float enhancements (AL)
\c@float@type=\count308
\float@exts=\toks26
\float@box=\box63
\@float@everytoks=\toks27
\@floatcapt=\box64
) (F:\Programme\LaTeX\tex/latex/caption\subcaption.sty
Package: subcaption 2023/07/28 v1.6b Sub-captions (AR)
 (F:\Programme\LaTeX\tex/latex/caption\caption.sty
Package: caption 2023/08/05 v3.6o Customizing captions (AR)
 (F:\Programme\LaTeX\tex/latex/caption\caption3.sty
Package: caption3 2023/07/31 v2.4d caption3 kernel (AR)
\caption@tempdima=\dimen181
\captionmargin=\dimen182
\caption@leftmargin=\dimen183
\caption@rightmargin=\dimen184
\caption@width=\dimen185
\caption@indent=\dimen186
\caption@parindent=\dimen187
\caption@hangindent=\dimen188
Package caption Info: Standard document class detected.
)
\c@caption@flags=\count309
\c@continuedfloat=\count310
Package caption Info: float package is loaded.
Package caption Info: longtable package is loaded.
 (F:\Programme\LaTeX\tex/latex/caption\ltcaption.sty
Package: ltcaption 2021/01/08 v1.4c longtable captions (AR)
))
Package caption Info: New subtype `subfigure' on input line 238.
\c@subfigure=\count311
Package caption Info: New subtype `subtable' on input line 238.
\c@subtable=\count312
) (F:\Programme\LaTeX\tex/latex/listings\listings.sty
\lst@mode=\count313
\lst@gtempboxa=\box65
\lst@token=\toks28
\lst@length=\count314
\lst@currlwidth=\dimen189
\lst@column=\count315
\lst@pos=\count316
\lst@lostspace=\dimen190
\lst@width=\dimen191
\lst@newlines=\count317
\lst@lineno=\count318
\lst@maxwidth=\dimen192
 (F:\Programme\LaTeX\tex/latex/listings\lstpatch.sty
File: lstpatch.sty 2024/09/23 1.10c (Carsten Heinz)
) (F:\Programme\LaTeX\tex/latex/listings\lstmisc.sty
File: lstmisc.sty 2024/09/23 1.10c (Carsten Heinz)
\c@lstnumber=\count319
\lst@skipnumbers=\count320
\lst@framebox=\box66
) (F:\Programme\LaTeX\tex/latex/listings\listings.cfg
File: listings.cfg 2024/09/23 1.10c listings configuration
))
Package: listings 2024/09/23 1.10c (Carsten Heinz)
 (F:\Programme\LaTeX\tex/latex/hyperref\hyperref.sty
Package: hyperref 2025-06-21 v7.01n Hypertext links for LaTeX
 (F:\Programme\LaTeX\tex/generic/iftex\iftex.sty
Package: iftex 2024/12/12 v1.0g TeX engine tests
) (F:\Programme\LaTeX\tex/latex/kvsetkeys\kvsetkeys.sty
Package: kvsetkeys 2022-10-05 v1.19 Key value parser (HO)
) (F:\Programme\LaTeX\tex/generic/kvdefinekeys\kvdefinekeys.sty
Package: kvdefinekeys 2019-12-19 v1.6 Define keys (HO)
) (F:\Programme\LaTeX\tex/generic/pdfescape\pdfescape.sty
Package: pdfescape 2019/12/09 v1.15 Implements pdfTeX's escape features (HO)
 (F:\Programme\LaTeX\tex/generic/ltxcmds\ltxcmds.sty
Package: ltxcmds 2023-12-04 v1.26 LaTeX kernel commands for general use (HO)
) (F:\Programme\LaTeX\tex/generic/pdftexcmds\pdftexcmds.sty
Package: pdftexcmds 2020-06-27 v0.33 Utility functions of pdfTeX for LuaTeX (HO)
 (F:\Programme\LaTeX\tex/generic/infwarerr\infwarerr.sty
Package: infwarerr 2019/12/03 v1.5 Providing info/warning/error messages (HO)
)
Package pdftexcmds Info: \pdf@primitive is available.
Package pdftexcmds Info: \pdf@ifprimitive is available.
Package pdftexcmds Info: \pdfdraftmode found.
)) (F:\Programme\LaTeX\tex/latex/hycolor\hycolor.sty
Package: hycolor 2020-01-27 v1.10 Color options for hyperref/bookmark (HO)
) (F:\Programme\LaTeX\tex/latex/hyperref\nameref.sty
Package: nameref 2025-06-21 v2.57 Cross-referencing by name of section
 (F:\Programme\LaTeX\tex/latex/refcount\refcount.sty
Package: refcount 2019/12/15 v3.6 Data extraction from label references (HO)
) (F:\Programme\LaTeX\tex/generic/gettitlestring\gettitlestring.sty
Package: gettitlestring 2019/12/15 v1.6 Cleanup title references (HO)
 (F:\Programme\LaTeX\tex/latex/kvoptions\kvoptions.sty
Package: kvoptions 2022-06-15 v3.15 Key value format for package options (HO)
))
\c@section@level=\count321
) (F:\Programme\LaTeX\tex/generic/stringenc\stringenc.sty
Package: stringenc 2019/11/29 v1.12 Convert strings between diff. encodings (HO)
)
\@linkdim=\dimen193
\Hy@linkcounter=\count322
\Hy@pagecounter=\count323
 (F:\Programme\LaTeX\tex/latex/hyperref\pd1enc.def
File: pd1enc.def 2025-06-21 v7.01n Hyperref: PDFDocEncoding definition (HO)
Now handling font encoding PD1 ...
... no UTF-8 mapping file for font encoding PD1
) (F:\Programme\LaTeX\tex/generic/intcalc\intcalc.sty
Package: intcalc 2019/12/15 v1.3 Expandable calculations with integers (HO)
)
\Hy@SavedSpaceFactor=\count324
 (F:\Programme\LaTeX\tex/latex/hyperref\puenc.def
File: puenc.def 2025-06-21 v7.01n Hyperref: PDF Unicode definition (HO)
Now handling font encoding PU ...
... no UTF-8 mapping file for font encoding PU
)
Package hyperref Info: Hyper figures OFF on input line 4181.
Package hyperref Info: Link nesting OFF on input line 4186.
Package hyperref Info: Hyper index ON on input line 4189.
Package hyperref Info: Plain pages OFF on input line 4196.
Package hyperref Info: Backreferencing OFF on input line 4201.
Package hyperref Info: Implicit mode ON; LaTeX internals redefined.
Package hyperref Info: Bookmarks ON on input line 4448.
\c@Hy@tempcnt=\count325
 (F:\Programme\LaTeX\tex/latex/url\url.sty
\Urlmuskip=\muskip17
Package: url 2013/09/16  ver 3.4  Verb mode for urls, etc.
)
LaTeX Info: Redefining \url on input line 4787.
\XeTeXLinkMargin=\dimen194
 (F:\Programme\LaTeX\tex/generic/bitset\bitset.sty
Package: bitset 2019/12/09 v1.3 Handle bit-vector datatype (HO)
 (F:\Programme\LaTeX\tex/generic/bigintcalc\bigintcalc.sty
Package: bigintcalc 2019/12/15 v1.5 Expandable calculations on big integers (HO)
))
\Fld@menulength=\count326
\Field@Width=\dimen195
\Fld@charsize=\dimen196
Package hyperref Info: Hyper figures OFF on input line 6066.
Package hyperref Info: Link nesting OFF on input line 6071.
Package hyperref Info: Hyper index ON on input line 6074.
Package hyperref Info: backreferencing OFF on input line 6081.
Package hyperref Info: Link coloring OFF on input line 6086.
Package hyperref Info: Link coloring with OCG OFF on input line 6091.
Package hyperref Info: PDF/A mode OFF on input line 6096.
\Hy@abspage=\count327
\c@Item=\count328
\c@Hfootnote=\count329
)
Package hyperref Info: Driver (autodetected): hpdftex.
 (F:\Programme\LaTeX\tex/latex/hyperref\hpdftex.def
File: hpdftex.def 2025-06-21 v7.01n Hyperref driver for pdfTeX
\Fld@listcount=\count330
\c@bookmark@seq@number=\count331
 (F:\Programme\LaTeX\tex/latex/rerunfilecheck\rerunfilecheck.sty
Package: rerunfilecheck 2025-06-21 v1.11 Rerun checks for auxiliary files (HO)
 (F:\Programme\LaTeX\tex/generic/uniquecounter\uniquecounter.sty
Package: uniquecounter 2019/12/15 v1.4 Provide unlimited unique counter (HO)
)
Package uniquecounter Info: New unique counter `rerunfilecheck' on input line 284.
)
\Hy@SectionHShift=\skip75
) (F:\Programme\LaTeX\tex/latex/geometry\geometry.sty
Package: geometry 2020/01/02 v5.9 Page Geometry
 (F:\Programme\LaTeX\tex/generic/iftex\ifvtex.sty
Package: ifvtex 2019/10/25 v1.7 ifvtex legacy package. Use iftex instead.
)
\Gm@cnth=\count332
\Gm@cntv=\count333
\c@Gm@tempcnt=\count334
\Gm@bindingoffset=\dimen197
\Gm@wd@mp=\dimen198
\Gm@odd@mp=\dimen199
\Gm@even@mp=\dimen256
\Gm@layoutwidth=\dimen257
\Gm@layoutheight=\dimen258
\Gm@layouthoffset=\dimen259
\Gm@layoutvoffset=\dimen260
\Gm@dimlist=\toks29
 (F:\Programme\LaTeX\tex/latex/geometry\geometry.cfg)) (Gruppe6_AbschlussDokumentation.aux
Package babel Info: 'ngerman' activates 'ngerman' shorthands.
(babel)             Reported  on input line 8.
)
\openout1 = `Gruppe6_AbschlussDokumentation.aux'.

LaTeX Font Info:    Checking defaults for OML/cmm/m/it on input line 57.
LaTeX Font Info:    ... okay on input line 57.
LaTeX Font Info:    Checking defaults for OMS/cmsy/m/n on input line 57.
LaTeX Font Info:    ... okay on input line 57.
LaTeX Font Info:    Checking defaults for OT1/cmr/m/n on input line 57.
LaTeX Font Info:    ... okay on input line 57.
LaTeX Font Info:    Checking defaults for T1/cmr/m/n on input line 57.
LaTeX Font Info:    ... okay on input line 57.
LaTeX Font Info:    Checking defaults for TS1/cmr/m/n on input line 57.
LaTeX Font Info:    ... okay on input line 57.
LaTeX Font Info:    Checking defaults for OMX/cmex/m/n on input line 57.
LaTeX Font Info:    ... okay on input line 57.
LaTeX Font Info:    Checking defaults for U/cmr/m/n on input line 57.
LaTeX Font Info:    ... okay on input line 57.
LaTeX Font Info:    Checking defaults for PD1/pdf/m/n on input line 57.
LaTeX Font Info:    ... okay on input line 57.
LaTeX Font Info:    Checking defaults for PU/pdf/m/n on input line 57.
LaTeX Font Info:    ... okay on input line 57.
 (F:\Programme\LaTeX\tex/context/base/mkii\supp-pdf.mkii
[Loading MPS to PDF converter (version 2006.09.02).]
\scratchcounter=\count335
\scratchdimen=\dimen261
\scratchbox=\box67
\nofMPsegments=\count336
\nofMParguments=\count337
\everyMPshowfont=\toks30
\MPscratchCnt=\count338
\MPscratchDim=\dimen262
\MPnumerator=\count339
\makeMPintoPDFobject=\count340
\everyMPtoPDFconversion=\toks31
) (F:\Programme\LaTeX\tex/latex/epstopdf-pkg\epstopdf-base.sty
Package: epstopdf-base 2020-01-24 v2.11 Base part for package epstopdf
Package epstopdf-base Info: Redefining graphics rule for `.eps' on input line 485.
 (F:\Programme\LaTeX\tex/latex/00miktex\epstopdf-sys.cfg
File: epstopdf-sys.cfg 2021/03/18 v2.0 Configuration of epstopdf for MiKTeX
)) (F:\Programme\LaTeX\tex/latex/pdflscape\pdflscape.sty
Package: pdflscape 2022-10-27 v0.13 Display of landscape pages in PDF
 (F:\Programme\LaTeX\tex/latex/pdflscape\pdflscape-nometadata.sty
Package: pdflscape-nometadata 2022-10-28 v0.13 Display of landscape pages in PDF (HO)
 (F:\Programme\LaTeX\tex/latex/graphics\lscape.sty
Package: lscape 2020/05/28 v3.02 Landscape Pages (DPC)
)
Package pdflscape Info: Auto-detected driver: pdftex on input line 81.
))
Package caption Info: Begin \AtBeginDocument code.
Package caption Info: hyperref package is loaded.
Package caption Info: listings package is loaded.
Package caption Info: End \AtBeginDocument code.
\c@lstlisting=\count341
Package hyperref Info: Link coloring OFF on input line 57.
 (Gruppe6_AbschlussDokumentation.out) (Gruppe6_AbschlussDokumentation.out)
\@outlinefile=\write3
\openout3 = `Gruppe6_AbschlussDokumentation.out'.


*geometry* driver: auto-detecting
*geometry* detected driver: pdftex
*geometry* verbose mode - [ preamble ] result:
* driver: pdftex
* paper: a4paper
* layout: <same size as paper>
* layoutoffset:(h,v)=(0.0pt,0.0pt)
* modes: 
* h-part:(L,W,R)=(71.13188pt, 455.24411pt, 71.13188pt)
* v-part:(T,H,B)=(71.13188pt, 702.78308pt, 71.13188pt)
* \paperwidth=597.50787pt
* \paperheight=845.04684pt
* \textwidth=455.24411pt
* \textheight=702.78308pt
* \oddsidemargin=-1.1381pt
* \evensidemargin=-1.1381pt
* \topmargin=-41.1381pt
* \headheight=15.0pt
* \headsep=25.0pt
* \topskip=12.0pt
* \footskip=30.0pt
* \marginparwidth=35.0pt
* \marginparsep=10.0pt
* \columnsep=10.0pt
* \skip\footins=10.8pt plus 4.0pt minus 2.0pt
* \hoffset=0.0pt
* \voffset=0.0pt
* \mag=1000
* \@twocolumnfalse
* \@twosidefalse
* \@mparswitchfalse
* \@reversemarginfalse
* (1in=72.27pt=25.4mm, 1cm=28.453pt)



pdfTeX warning: pdflatex (file ./graphics/htw_logo.pdf): PDF inclusion: found PDF version <1.6>, but at most version <1.5> allowed
<graphics/htw_logo.pdf, id=219, 514.00632pt x 60.37155pt>
File: graphics/htw_logo.pdf Graphic file (type pdf)
<use graphics/htw_logo.pdf>
Package pdftex.def Info: graphics/htw_logo.pdf  used on input line 62.
(pdftex.def)             Requested size: 455.24411pt x 53.46979pt.


[1

{C:/Users/steve/AppData/Local/MiKTeX/fonts/map/pdftex/pdftex.map} <./graphics/htw_logo.pdf>] (Gruppe6_AbschlussDokumentation.toc
LaTeX Font Info:    External font `cmex10' loaded for size
(Font)              <12> on input line 3.
LaTeX Font Info:    External font `cmex10' loaded for size
(Font)              <8> on input line 3.
LaTeX Font Info:    External font `cmex10' loaded for size
(Font)              <6> on input line 3.


[1])
\tf@toc=\write4
\openout4 = `Gruppe6_AbschlussDokumentation.toc'.



[2]
Underfull \hbox (badness 10000) in paragraph at lines 115--116
[]|\T1/cmr/m/n/12 Fahrzeugdaten-
 []


Overfull \hbox (2.47278pt too wide) in alignment at lines 104--118
 [] [] [] [] 
 []


Overfull \hbox (7.76782pt too wide) in paragraph at lines 143--143
[]\T1/cmtt/m/n/12 +-------------------------------------------------------------------------+[] 
 []


Overfull \hbox (7.76782pt too wide) in paragraph at lines 143--143
[]\T1/cmtt/m/n/12 |                          Docker Network                                 |[] 
 []


Overfull \hbox (7.76782pt too wide) in paragraph at lines 143--143
[]\T1/cmtt/m/n/12 |                                                                         |[] 
 []


Overfull \hbox (7.76782pt too wide) in paragraph at lines 143--143
[]\T1/cmtt/m/n/12 |  +-----------+   +-----------+   +-----------+   +----------------+     |[] 
 []


Overfull \hbox (7.76782pt too wide) in paragraph at lines 143--143
[]\T1/cmtt/m/n/12 |  | mosquitto |   |  node-red |   | influxdb  |   | calendar-      |     |[] 
 []


Overfull \hbox (7.76782pt too wide) in paragraph at lines 143--143
[]\T1/cmtt/m/n/12 |  |  :1883    |<--|   :1880   |-->|  :8086    |   | webhook :5000  |     |[] 
 []


Overfull \hbox (7.76782pt too wide) in paragraph at lines 143--143
[]\T1/cmtt/m/n/12 |  +-----|-----+   +-----|-----+   +-----|-----+   +--------|-------|     |[] 
 []


Overfull \hbox (7.76782pt too wide) in paragraph at lines 143--143
[]\T1/cmtt/m/n/12 |        |               |               |                  |             |[] 
 []


Overfull \hbox (7.76782pt too wide) in paragraph at lines 143--143
[]\T1/cmtt/m/n/12 |        |               v               v                  |             |[] 
 []


Overfull \hbox (7.76782pt too wide) in paragraph at lines 143--143
[]\T1/cmtt/m/n/12 |        |         +-----+-----+   +-----v-----+            |             |[] 
 []


Overfull \hbox (7.76782pt too wide) in paragraph at lines 143--143
[]\T1/cmtt/m/n/12 |        |         | vehicle-  |   |  grafana  |            |             |[] 
 []


Overfull \hbox (7.76782pt too wide) in paragraph at lines 143--143
[]\T1/cmtt/m/n/12 |        |         | sync      |   |  :3001    |            |             |[] 
 []


Overfull \hbox (7.76782pt too wide) in paragraph at lines 143--143
[]\T1/cmtt/m/n/12 |        |         +-----------+   +-----------+            |             |[] 
 []


Overfull \hbox (7.76782pt too wide) in paragraph at lines 143--143
[]\T1/cmtt/m/n/12 +--------+-------------------------------------------------+--------------+[] 
 []




pdfTeX warning (ext4): destination with the same identifier (name{page.1}) has been already used, duplicate ignored
<to be read again> 
                   \relax 
l.149 \textbf{Konfiguration}
                             (\texttt{mosquitto/config/mosquitto.conf}): [1]

[2]

[3]
Overfull \hbox (44.80878pt too wide) in paragraph at lines 298--298
[]                                      \T1/cmtt/m/n/12 +--------------------+--------------------+[] 
 []


Overfull \hbox (44.80878pt too wide) in paragraph at lines 298--298
[]                                      \T1/cmtt/m/n/12 |                                         |[] 
 []


Overfull \hbox (44.80878pt too wide) in paragraph at lines 298--298
[]                                      \T1/cmtt/m/n/12 v                                         v[] 
 []


Overfull \hbox (88.02322pt too wide) in paragraph at lines 298--298
[]                              \T1/cmtt/m/n/12 Line Protocol                              Alert Detection[] 
 []


Overfull \hbox (44.80878pt too wide) in paragraph at lines 298--298
[]                                      \T1/cmtt/m/n/12 |                                         |[] 
 []


Overfull \hbox (44.80878pt too wide) in paragraph at lines 298--298
[]                                      \T1/cmtt/m/n/12 v                                         v[] 
 []


Overfull \hbox (81.84973pt too wide) in paragraph at lines 298--298
[]                                \T1/cmtt/m/n/12 HTTP POST                              Calendar Webhook[] 
 []


Overfull \hbox (44.80878pt too wide) in paragraph at lines 298--298
[]                                      \T1/cmtt/m/n/12 |                                         |[] 
 []


Overfull \hbox (44.80878pt too wide) in paragraph at lines 298--298
[]                                      \T1/cmtt/m/n/12 v                                         v[] 
 []


Overfull \hbox (94.19672pt too wide) in paragraph at lines 298--298
[]                                  \T1/cmtt/m/n/12 InfluxDB                            Google Calendar API[] 
 []


Overfull \hbox (44.80878pt too wide) in paragraph at lines 298--298
[]                                      \T1/cmtt/m/n/12 |                                         |[] 
 []


Overfull \hbox (44.80878pt too wide) in paragraph at lines 298--298
[]                                      \T1/cmtt/m/n/12 v                                         v[] 
 []


Overfull \hbox (94.19672pt too wide) in paragraph at lines 298--298
[]                                  \T1/cmtt/m/n/12 Grafana                                 Termin erstellt[] 
 []


Overfull \hbox (7.76782pt too wide) in paragraph at lines 309--309
[]\T1/cmtt/m/n/12 MQTT Alert  -->  Node-RED  -->  Alert-Regeln pruefen  -->  Calendar Webhook[] 
 []


Overfull \hbox (26.2883pt too wide) in paragraph at lines 309--309
[]                                                         \T1/cmtt/m/n/12 Google Calendar Event[] 
 []


Overfull \hbox (26.2883pt too wide) in paragraph at lines 309--309
[]                                                            \T1/cmtt/m/n/12 Email/Notification[] 
 []



[4]
Overfull \hbox (1.59433pt too wide) in paragraph at lines 353--353
[]\T1/cmtt/m/n/12 trip,{vehicle_id},{trip_id},{duration_s},{fuel_used},{max_acc},{max_brake}[] 
 []



[5]

[6] (F:\Programme\LaTeX\tex/latex/listings\lstlang1.sty
File: lstlang1.sty 2024/09/23 1.10c listings language file
)
LaTeX Font Info:    Font shape `T1/cmtt/bx/n' in size <10.95> not available
(Font)              Font shape `T1/cmtt/m/n' tried instead on input line 478.


[7]
Overfull \hbox (81.84973pt too wide) in paragraph at lines 519--519
[]\T1/cmtt/m/n/12 [MQTT In] --> [Function: CSV zu Line Protocol] --> [HTTP Request: InfluxDB] --> [Debug][] 
 []


Overfull \hbox (421.39182pt too wide) in paragraph at lines 519--519
[]\T1/cmtt/m/n/12 [MQTT In] --> [Function: CSV Parser] --> [Switch: Alert Filter] --> [Function: Event Builder] --> [HTTP Request: Calendar Webhook] --> [Debug][] 
 []


Overfull \hbox (184.4606pt too wide) in paragraph at lines 531--533
 []\T1/cmr/bx/n/12 InfluxDB Wri-te[] \T1/cmr/m/n/12 URL: \T1/cmtt/m/n/12 http://influxdb:8086/api/v2/write?org=vehicle_org&bucket=vehicle_data&precision=ns 
 []


Overfull \hbox (0.49313pt too wide) in paragraph at lines 535--536
 []\T1/cmr/bx/n/12 Calendar Web-hook[] \T1/cmr/m/n/12 URL: \T1/cmtt/m/n/12 http://calendar-webhook:5000/event\T1/cmr/m/n/12 , Me-tho-de: POST,
 []



[8]
Overfull \hbox (7.82591pt too wide) in paragraph at lines 588--589
[]\T1/cmr/bx/n/12 Geschwindigkeitsverlauf (Ti-me Se-ries): \T1/cmr/m/n/12 Zeit-li-cher Ver-lauf der Fahr-zeug-ge-schwin-
 []



[9]
Underfull \hbox (badness 10000) in paragraph at lines 626--645

 []



[10]
Underfull \hbox (badness 10000) in paragraph at lines 648--649

 []


Underfull \hbox (badness 10000) in paragraph at lines 650--665

 []



[11] (F:\Programme\LaTeX\tex/latex/listings\lstlang1.sty
File: lstlang1.sty 2024/09/23 1.10c listings language file
) (F:\Programme\LaTeX\tex/latex/listings\lstlang1.sty
File: lstlang1.sty 2024/09/23 1.10c listings language file
)

[12]

[13]

[14]
Overfull \hbox (69.80565pt too wide) in paragraph at lines 899--913
[] 
 []



[15]

[16]

[17]

[18] (Gruppe6_AbschlussDokumentation.aux)
 ***********
LaTeX2e <2025-06-01> patch level 1
L3 programming layer <2025-06-09>
 ***********
Package rerunfilecheck Info: File `Gruppe6_AbschlussDokumentation.out' has not changed.
(rerunfilecheck)             Checksum: BB126FC952C63B76A993503016C5FBB5;7857.
 ) 
Here is how much of TeX's memory you used:
 16903 strings out of 468221
 268330 string characters out of 5445397
 1114029 words of memory out of 5000000
 44934 multiletter control sequences out of 15000+600000
 638468 words of font info for 63 fonts, out of 8000000 for 9000
 1141 hyphenation exceptions out of 8191
 75i,12n,79p,396b,2041s stack positions out of 10000i,1000n,20000p,200000b,200000s
 <C:\Users\steve\AppData\Local\MiKTeX\fonts/pk/ljfour/jknappen/ec/dpi600\ecit1095.pk> <C:\Users\steve\AppData\Local\MiKTeX\fonts/pk/ljfour/jknappen/ec/dpi600\ecti1200.pk> <C:\Users\steve\AppData\Local\MiKTeX\fonts/pk/ljfour/jknappen/ec/dpi600\ectt1095.pk> <C:\Users\steve\AppData\Local\MiKTeX\fonts/pk/ljfour/jknappen/ec/dpi600\ectt1200.pk> <C:\Users\steve\AppData\Local\MiKTeX\fonts/pk/ljfour/jknappen/ec/dpi600\tcrm1200.pk> <C:\Users\steve\AppData\Local\MiKTeX\fonts/pk/ljfour/jknappen/ec/dpi600\ecbx1440.pk> <C:\Users\steve\AppData\Local\MiKTeX\fonts/pk/ljfour/jknappen/ec/dpi600\ecrm1200.pk> <C:\Users\steve\AppData\Local\MiKTeX\fonts/pk/ljfour/jknappen/ec/dpi600\ecbx1728.pk> <C:\Users\steve\AppData\Local\MiKTeX\fonts/pk/ljfour/jknappen/ec/dpi600\ecbx1200.pk> <C:\Users\steve\AppData\Local\MiKTeX\fonts/pk/ljfour/jknappen/ec/dpi600\ecrm1728.pk> <C:\Users\steve\AppData\Local\MiKTeX\fonts/pk/ljfour/jknappen/ec/dpi600\ecbx2488.pk><F:/Programme/LaTeX/fonts/type1/public/amsfonts/cm/cmmi12.pfb><F:/Programme/LaTeX/fonts/type1/public/amsfonts/cm/cmr12.pfb>
Output written on Gruppe6_AbschlussDokumentation.pdf (21 pages, 340505 bytes).
PDF statistics:
 1234 PDF objects out of 1440 (max. 8388607)
 282 named destinations out of 1000 (max. 500000)
 438 words of extra memory for PDF output out of 10000 (max. 10000000)

