1769343923: mosquitto version 2.0.22 starting
1769343923: Config loaded from /mosquitto/config/mosquitto.conf.
1769343923: Opening ipv4 listen socket on port 1883.
1769343923: Opening ipv6 listen socket on port 1883.
1769343923: Opening ipv4 listen socket on port 8883.
1769343923: Opening ipv6 listen socket on port 8883.
1769343923: mosquitto version 2.0.22 running
1769343927: New connection from 172.18.0.3:54964 on port 1883.
1769343927: New client connected from 172.18.0.3:54964 as nodered11f8e9799a47e1b1 (p2, c1, k60).
1769343927: No will message specified.
1769343927: Sending CONNACK to nodered11f8e9799a47e1b1 (0, 0)
1769343927: Received SUBSCRIBE from nodered11f8e9799a47e1b1
1769343927: 	smartcar/# (QoS 2)
1769343927: nodered11f8e9799a47e1b1 2 smartcar/#
1769343927: Sending SUBACK to nodered11f8e9799a47e1b1
1769343976: New connection from ::1:52154 on port 1883.
1769343976: New client connected from ::1:52154 as auto-F1B4999D-DA7F-AADB-F01A-9DE44B418010 (p2, c1, k60, u'anonymous').
1769343976: No will message specified.
1769343976: Sending CONNACK to auto-F1B4999D-DA7F-AADB-F01A-9DE44B418010 (0, 0)
1769343976: Received SUBSCRIBE from auto-F1B4999D-DA7F-AADB-F01A-9DE44B418010
1769343976: 	test (QoS 0)
1769343976: auto-F1B4999D-DA7F-AADB-F01A-9DE44B418010 0 test
1769343976: Sending SUBACK to auto-F1B4999D-DA7F-AADB-F01A-9DE44B418010
1769343987: Received PINGREQ from nodered11f8e9799a47e1b1
1769343987: Sending PINGRESP to nodered11f8e9799a47e1b1
1769344036: Received PINGREQ from auto-F1B4999D-DA7F-AADB-F01A-9DE44B418010
1769344036: Sending PINGRESP to auto-F1B4999D-DA7F-AADB-F01A-9DE44B418010
1769344046: Received PINGREQ from nodered11f8e9799a47e1b1
1769344046: Sending PINGRESP to nodered11f8e9799a47e1b1
1769344096: Received PINGREQ from auto-F1B4999D-DA7F-AADB-F01A-9DE44B418010
1769344096: Sending PINGRESP to auto-F1B4999D-DA7F-AADB-F01A-9DE44B418010
1769344106: Received PINGREQ from nodered11f8e9799a47e1b1
1769344106: Sending PINGRESP to nodered11f8e9799a47e1b1
1769344156: Received PINGREQ from auto-F1B4999D-DA7F-AADB-F01A-9DE44B418010
1769344156: Sending PINGRESP to auto-F1B4999D-DA7F-AADB-F01A-9DE44B418010
1769344166: Received PINGREQ from nodered11f8e9799a47e1b1
1769344166: Sending PINGRESP to nodered11f8e9799a47e1b1
1769344216: Received PINGREQ from auto-F1B4999D-DA7F-AADB-F01A-9DE44B418010
1769344216: Sending PINGRESP to auto-F1B4999D-DA7F-AADB-F01A-9DE44B418010
1769344226: Received PINGREQ from nodered11f8e9799a47e1b1
1769344226: Sending PINGRESP to nodered11f8e9799a47e1b1
1769344276: Received PINGREQ from auto-F1B4999D-DA7F-AADB-F01A-9DE44B418010
1769344276: Sending PINGRESP to auto-F1B4999D-DA7F-AADB-F01A-9DE44B418010
1769344282: Received UNSUBSCRIBE from nodered11f8e9799a47e1b1
1769344282: 	smartcar/#
1769344282: nodered11f8e9799a47e1b1 smartcar/#
1769344282: Sending UNSUBACK to nodered11f8e9799a47e1b1
1769344282: Received DISCONNECT from nodered11f8e9799a47e1b1
1769344282: Client nodered11f8e9799a47e1b1 disconnected.
1769344282: mosquitto version 2.0.22 terminating
1769344287: mosquitto version 2.0.22 starting
1769344287: Config loaded from /mosquitto/config/mosquitto.conf.
1769344287: Opening ipv4 listen socket on port 1883.
1769344287: Opening ipv6 listen socket on port 1883.
1769344287: Opening ipv4 listen socket on port 8883.
1769344287: Opening ipv6 listen socket on port 8883.
1769344287: mosquitto version 2.0.22 running
1769344290: New connection from 172.18.0.4:51242 on port 8883.
1769344290: OpenSSL Error[0]: error:0A000126:SSL routines::unexpected eof while reading
1769344290: Client <unknown> disconnected: Protocol error.
1769344297: New connection from ::1:58024 on port 1883.
1769344297: New client connected from ::1:58024 as healthcheck (p2, c1, k60).
1769344297: No will message specified.
1769344297: Sending CONNACK to healthcheck (0, 0)
1769344297: Received SUBSCRIBE from healthcheck
1769344297: 	/# (QoS 0)
1769344297: healthcheck 0 /#
1769344297: Sending SUBACK to healthcheck
1769344298: Received DISCONNECT from healthcheck
1769344298: Client healthcheck disconnected.
1769344305: New connection from 172.18.0.4:39232 on port 8883.
1769344305: OpenSSL Error[0]: error:0A000126:SSL routines::unexpected eof while reading
1769344305: Client <unknown> disconnected: Protocol error.
1769344308: New connection from ::1:44778 on port 1883.
1769344308: New client connected from ::1:44778 as healthcheck (p2, c1, k60).
1769344308: No will message specified.
1769344308: Sending CONNACK to healthcheck (0, 0)
1769344308: Received SUBSCRIBE from healthcheck
1769344308: 	/# (QoS 0)
1769344308: healthcheck 0 /#
1769344308: Sending SUBACK to healthcheck
1769344309: Received DISCONNECT from healthcheck
1769344309: Client healthcheck disconnected.
1769344319: New connection from ::1:59326 on port 1883.
1769344319: New client connected from ::1:59326 as healthcheck (p2, c1, k60).
1769344319: No will message specified.
1769344319: Sending CONNACK to healthcheck (0, 0)
1769344319: Received SUBSCRIBE from healthcheck
1769344319: 	/# (QoS 0)
1769344319: healthcheck 0 /#
1769344319: Sending SUBACK to healthcheck
1769344320: New connection from 172.18.0.4:50400 on port 8883.
1769344320: OpenSSL Error[0]: error:0A000126:SSL routines::unexpected eof while reading
1769344320: Client <unknown> disconnected: Protocol error.
1769344320: Received DISCONNECT from healthcheck
1769344320: Client healthcheck disconnected.
1769344330: New connection from ::1:57346 on port 1883.
1769344330: New client connected from ::1:57346 as healthcheck (p2, c1, k60).
1769344330: No will message specified.
1769344330: Sending CONNACK to healthcheck (0, 0)
1769344330: Received SUBSCRIBE from healthcheck
1769344330: 	/# (QoS 0)
1769344330: healthcheck 0 /#
1769344330: Sending SUBACK to healthcheck
1769344331: Received DISCONNECT from healthcheck
1769344331: Client healthcheck disconnected.
1769344335: New connection from 172.18.0.4:53634 on port 8883.
1769344335: OpenSSL Error[0]: error:0A000126:SSL routines::unexpected eof while reading
1769344335: Client <unknown> disconnected: Protocol error.
1769344341: New connection from ::1:52392 on port 1883.
1769344341: New client connected from ::1:52392 as healthcheck (p2, c1, k60).
1769344341: No will message specified.
1769344341: Sending CONNACK to healthcheck (0, 0)
1769344341: Received SUBSCRIBE from healthcheck
1769344341: 	/# (QoS 0)
1769344341: healthcheck 0 /#
1769344341: Sending SUBACK to healthcheck
1769344342: Received DISCONNECT from healthcheck
1769344342: Client healthcheck disconnected.
1769344350: New connection from 172.18.0.4:45356 on port 8883.
1769344350: OpenSSL Error[0]: error:0A000126:SSL routines::unexpected eof while reading
1769344350: Client <unknown> disconnected: Protocol error.
1769344352: New connection from ::1:44962 on port 1883.
1769344352: New client connected from ::1:44962 as healthcheck (p2, c1, k60).
1769344352: No will message specified.
1769344352: Sending CONNACK to healthcheck (0, 0)
1769344352: Received SUBSCRIBE from healthcheck
1769344352: 	/# (QoS 0)
1769344352: healthcheck 0 /#
1769344352: Sending SUBACK to healthcheck
1769344353: Received DISCONNECT from healthcheck
1769344353: Client healthcheck disconnected.
1769344362: mosquitto version 2.0.22 terminating
1769344365: mosquitto version 2.0.22 starting
1769344365: Config loaded from /mosquitto/config/mosquitto.conf.
1769344365: Opening ipv4 listen socket on port 1883.
1769344365: Opening ipv6 listen socket on port 1883.
1769344365: Opening ipv4 listen socket on port 8883.
1769344365: Opening ipv6 listen socket on port 8883.
1769344365: mosquitto version 2.0.22 running
1769344375: New connection from ::1:35702 on port 1883.
1769344375: New client connected from ::1:35702 as healthcheck (p2, c1, k60).
1769344375: No will message specified.
1769344375: Sending CONNACK to healthcheck (0, 0)
1769344375: Received SUBSCRIBE from healthcheck
1769344375: 	/# (QoS 0)
1769344375: healthcheck 0 /#
1769344375: Sending SUBACK to healthcheck
1769344376: Received DISCONNECT from healthcheck
1769344376: Client healthcheck disconnected.
1769344386: New connection from ::1:55480 on port 1883.
1769344386: New client connected from ::1:55480 as healthcheck (p2, c1, k60).
1769344386: No will message specified.
1769344386: Sending CONNACK to healthcheck (0, 0)
1769344386: Received SUBSCRIBE from healthcheck
1769344386: 	/# (QoS 0)
1769344386: healthcheck 0 /#
1769344386: Sending SUBACK to healthcheck
1769344387: Received DISCONNECT from healthcheck
1769344387: Client healthcheck disconnected.
1769344397: New connection from ::1:60080 on port 1883.
1769344397: New client connected from ::1:60080 as healthcheck (p2, c1, k60).
1769344397: No will message specified.
1769344397: Sending CONNACK to healthcheck (0, 0)
1769344397: Received SUBSCRIBE from healthcheck
1769344397: 	/# (QoS 0)
1769344397: healthcheck 0 /#
1769344397: Sending SUBACK to healthcheck
1769344398: Received DISCONNECT from healthcheck
1769344398: Client healthcheck disconnected.
1769344408: New connection from ::1:55282 on port 1883.
1769344408: New client connected from ::1:55282 as healthcheck (p2, c1, k60).
1769344408: No will message specified.
1769344408: Sending CONNACK to healthcheck (0, 0)
1769344408: Received SUBSCRIBE from healthcheck
1769344408: 	/# (QoS 0)
1769344408: healthcheck 0 /#
1769344408: Sending SUBACK to healthcheck
1769344409: Received DISCONNECT from healthcheck
1769344409: Client healthcheck disconnected.
1769344420: New connection from ::1:53744 on port 1883.
1769344420: New client connected from ::1:53744 as healthcheck (p2, c1, k60).
1769344420: No will message specified.
1769344420: Sending CONNACK to healthcheck (0, 0)
1769344420: Received SUBSCRIBE from healthcheck
1769344420: 	/# (QoS 0)
1769344420: healthcheck 0 /#
1769344420: Sending SUBACK to healthcheck
1769344421: Received DISCONNECT from healthcheck
1769344421: Client healthcheck disconnected.
1769344431: New connection from ::1:43644 on port 1883.
1769344431: New client connected from ::1:43644 as healthcheck (p2, c1, k60).
1769344431: No will message specified.
1769344431: Sending CONNACK to healthcheck (0, 0)
1769344431: Received SUBSCRIBE from healthcheck
1769344431: 	/# (QoS 0)
1769344431: healthcheck 0 /#
1769344431: Sending SUBACK to healthcheck
1769344432: Received DISCONNECT from healthcheck
1769344432: Client healthcheck disconnected.
1769344442: New connection from ::1:40538 on port 1883.
1769344442: New client connected from ::1:40538 as healthcheck (p2, c1, k60).
1769344442: No will message specified.
1769344442: Sending CONNACK to healthcheck (0, 0)
1769344442: Received SUBSCRIBE from healthcheck
1769344442: 	/# (QoS 0)
1769344442: healthcheck 0 /#
1769344442: Sending SUBACK to healthcheck
1769344443: Received DISCONNECT from healthcheck
1769344443: Client healthcheck disconnected.
1769344453: New connection from ::1:60282 on port 1883.
1769344453: New client connected from ::1:60282 as healthcheck (p2, c1, k60).
1769344453: No will message specified.
1769344453: Sending CONNACK to healthcheck (0, 0)
1769344453: Received SUBSCRIBE from healthcheck
1769344453: 	/# (QoS 0)
1769344453: healthcheck 0 /#
1769344453: Sending SUBACK to healthcheck
1769344454: Received DISCONNECT from healthcheck
1769344454: Client healthcheck disconnected.
1769344464: New connection from ::1:47104 on port 1883.
1769344464: New client connected from ::1:47104 as healthcheck (p2, c1, k60).
1769344464: No will message specified.
1769344464: Sending CONNACK to healthcheck (0, 0)
1769344464: Received SUBSCRIBE from healthcheck
1769344464: 	/# (QoS 0)
1769344464: healthcheck 0 /#
1769344464: Sending SUBACK to healthcheck
1769344465: Received DISCONNECT from healthcheck
1769344465: Client healthcheck disconnected.
1769344475: New connection from ::1:43850 on port 1883.
1769344475: New client connected from ::1:43850 as healthcheck (p2, c1, k60).
1769344475: No will message specified.
1769344475: Sending CONNACK to healthcheck (0, 0)
1769344475: Received SUBSCRIBE from healthcheck
1769344475: 	/# (QoS 0)
1769344475: healthcheck 0 /#
1769344475: Sending SUBACK to healthcheck
1769344476: Received DISCONNECT from healthcheck
1769344476: Client healthcheck disconnected.
1769344486: New connection from ::1:46548 on port 1883.
1769344486: New client connected from ::1:46548 as healthcheck (p2, c1, k60).
1769344486: No will message specified.
1769344486: Sending CONNACK to healthcheck (0, 0)
1769344486: Received SUBSCRIBE from healthcheck
1769344486: 	/# (QoS 0)
1769344486: healthcheck 0 /#
1769344486: Sending SUBACK to healthcheck
1769344487: Received DISCONNECT from healthcheck
1769344487: Client healthcheck disconnected.
1769344497: New connection from ::1:35890 on port 1883.
1769344497: New client connected from ::1:35890 as healthcheck (p2, c1, k60).
1769344497: No will message specified.
1769344497: Sending CONNACK to healthcheck (0, 0)
1769344497: Received SUBSCRIBE from healthcheck
1769344497: 	/# (QoS 0)
1769344497: healthcheck 0 /#
1769344497: Sending SUBACK to healthcheck
1769344498: Received DISCONNECT from healthcheck
1769344498: Client healthcheck disconnected.
1769344508: New connection from ::1:42560 on port 1883.
1769344508: New client connected from ::1:42560 as healthcheck (p2, c1, k60).
1769344508: No will message specified.
1769344508: Sending CONNACK to healthcheck (0, 0)
1769344508: Received SUBSCRIBE from healthcheck
1769344508: 	/# (QoS 0)
1769344508: healthcheck 0 /#
1769344508: Sending SUBACK to healthcheck
1769344509: Received DISCONNECT from healthcheck
1769344509: Client healthcheck disconnected.
1769344519: New connection from ::1:35606 on port 1883.
1769344519: New client connected from ::1:35606 as healthcheck (p2, c1, k60).
1769344519: No will message specified.
1769344519: Sending CONNACK to healthcheck (0, 0)
1769344519: Received SUBSCRIBE from healthcheck
1769344519: 	/# (QoS 0)
1769344519: healthcheck 0 /#
1769344519: Sending SUBACK to healthcheck
1769344520: Received DISCONNECT from healthcheck
1769344520: Client healthcheck disconnected.
1769344530: New connection from ::1:51038 on port 1883.
1769344530: New client connected from ::1:51038 as healthcheck (p2, c1, k60).
1769344530: No will message specified.
1769344530: Sending CONNACK to healthcheck (0, 0)
1769344530: Received SUBSCRIBE from healthcheck
1769344530: 	/# (QoS 0)
1769344530: healthcheck 0 /#
1769344530: Sending SUBACK to healthcheck
1769344531: Received DISCONNECT from healthcheck
1769344531: Client healthcheck disconnected.
1769344533: mosquitto version 2.0.22 terminating
1769344576: mosquitto version 2.0.22 starting
1769344576: Config loaded from /mosquitto/config/mosquitto.conf.
1769344576: Opening ipv4 listen socket on port 1883.
1769344576: Opening ipv6 listen socket on port 1883.
1769344576: Opening ipv4 listen socket on port 8883.
1769344576: Opening ipv6 listen socket on port 8883.
1769344576: mosquitto version 2.0.22 running
1769344579: New connection from 172.18.0.4:45560 on port 8883.
1769344579: New client connected from 172.18.0.4:45560 as nodered435c5fbf0519b411 (p2, c1, k60).
1769344579: No will message specified.
1769344579: Sending CONNACK to nodered435c5fbf0519b411 (0, 0)
1769344579: Received SUBSCRIBE from nodered435c5fbf0519b411
1769344579: 	smartcar/# (QoS 2)
1769344579: nodered435c5fbf0519b411 2 smartcar/#
1769344579: Sending SUBACK to nodered435c5fbf0519b411
1769344586: New connection from ::1:56750 on port 1883.
1769344586: New client connected from ::1:56750 as healthcheck (p2, c1, k60).
1769344586: No will message specified.
1769344586: Sending CONNACK to healthcheck (0, 0)
1769344586: Received SUBSCRIBE from healthcheck
1769344586: 	/# (QoS 0)
1769344586: healthcheck 0 /#
1769344586: Sending SUBACK to healthcheck
1769344587: Received DISCONNECT from healthcheck
1769344587: Client healthcheck disconnected.
1769344597: New connection from ::1:56092 on port 1883.
1769344597: New client connected from ::1:56092 as healthcheck (p2, c1, k60).
1769344597: No will message specified.
1769344597: Sending CONNACK to healthcheck (0, 0)
1769344597: Received SUBSCRIBE from healthcheck
1769344597: 	/# (QoS 0)
1769344597: healthcheck 0 /#
1769344597: Sending SUBACK to healthcheck
1769344598: Received DISCONNECT from healthcheck
1769344598: Client healthcheck disconnected.
1769344608: New connection from ::1:33624 on port 1883.
1769344608: New client connected from ::1:33624 as healthcheck (p2, c1, k60).
1769344608: No will message specified.
1769344608: Sending CONNACK to healthcheck (0, 0)
1769344608: Received SUBSCRIBE from healthcheck
1769344608: 	/# (QoS 0)
1769344608: healthcheck 0 /#
1769344608: Sending SUBACK to healthcheck
1769344609: Received DISCONNECT from healthcheck
1769344609: Client healthcheck disconnected.
1769344619: New connection from ::1:36998 on port 1883.
1769344619: New client connected from ::1:36998 as healthcheck (p2, c1, k60).
1769344619: No will message specified.
1769344619: Sending CONNACK to healthcheck (0, 0)
1769344619: Received SUBSCRIBE from healthcheck
1769344619: 	/# (QoS 0)
1769344619: healthcheck 0 /#
1769344619: Sending SUBACK to healthcheck
1769344620: Received DISCONNECT from healthcheck
1769344620: Client healthcheck disconnected.
1769344630: New connection from ::1:40556 on port 1883.
1769344630: New client connected from ::1:40556 as healthcheck (p2, c1, k60).
1769344630: No will message specified.
1769344630: Sending CONNACK to healthcheck (0, 0)
1769344630: Received SUBSCRIBE from healthcheck
1769344630: 	/# (QoS 0)
1769344630: healthcheck 0 /#
1769344630: Sending SUBACK to healthcheck
1769344631: Received DISCONNECT from healthcheck
1769344631: Client healthcheck disconnected.
1769344639: Received PINGREQ from nodered435c5fbf0519b411
1769344639: Sending PINGRESP to nodered435c5fbf0519b411
1769344641: New connection from ::1:41326 on port 1883.
1769344641: New client connected from ::1:41326 as healthcheck (p2, c1, k60).
1769344641: No will message specified.
1769344641: Sending CONNACK to healthcheck (0, 0)
1769344641: Received SUBSCRIBE from healthcheck
1769344641: 	/# (QoS 0)
1769344641: healthcheck 0 /#
1769344641: Sending SUBACK to healthcheck
1769344642: Received DISCONNECT from healthcheck
1769344642: Client healthcheck disconnected.
1769344652: New connection from ::1:36946 on port 1883.
1769344652: New client connected from ::1:36946 as healthcheck (p2, c1, k60).
1769344652: No will message specified.
1769344652: Sending CONNACK to healthcheck (0, 0)
1769344652: Received SUBSCRIBE from healthcheck
1769344652: 	/# (QoS 0)
1769344652: healthcheck 0 /#
1769344652: Sending SUBACK to healthcheck
1769344653: Received DISCONNECT from healthcheck
1769344653: Client healthcheck disconnected.
1769344663: New connection from ::1:56480 on port 1883.
1769344663: New client connected from ::1:56480 as healthcheck (p2, c1, k60).
1769344663: No will message specified.
1769344663: Sending CONNACK to healthcheck (0, 0)
1769344663: Received SUBSCRIBE from healthcheck
1769344663: 	/# (QoS 0)
1769344663: healthcheck 0 /#
1769344663: Sending SUBACK to healthcheck
1769344664: Received DISCONNECT from healthcheck
1769344664: Client healthcheck disconnected.
1769344674: New connection from ::1:45504 on port 1883.
1769344674: New client connected from ::1:45504 as healthcheck (p2, c1, k60).
1769344674: No will message specified.
1769344674: Sending CONNACK to healthcheck (0, 0)
1769344674: Received SUBSCRIBE from healthcheck
1769344674: 	/# (QoS 0)
1769344674: healthcheck 0 /#
1769344674: Sending SUBACK to healthcheck
1769344675: Received DISCONNECT from healthcheck
1769344675: Client healthcheck disconnected.
1769344686: New connection from ::1:39240 on port 1883.
1769344686: New client connected from ::1:39240 as healthcheck (p2, c1, k60).
1769344686: No will message specified.
1769344686: Sending CONNACK to healthcheck (0, 0)
1769344686: Received SUBSCRIBE from healthcheck
1769344686: 	/# (QoS 0)
1769344686: healthcheck 0 /#
1769344686: Sending SUBACK to healthcheck
1769344687: Received DISCONNECT from healthcheck
1769344687: Client healthcheck disconnected.
1769344697: New connection from ::1:41060 on port 1883.
1769344697: New client connected from ::1:41060 as healthcheck (p2, c1, k60).
1769344697: No will message specified.
1769344697: Sending CONNACK to healthcheck (0, 0)
1769344697: Received SUBSCRIBE from healthcheck
1769344697: 	/# (QoS 0)
1769344697: healthcheck 0 /#
1769344697: Sending SUBACK to healthcheck
1769344698: Received DISCONNECT from healthcheck
1769344698: Client healthcheck disconnected.
1769344699: Received PINGREQ from nodered435c5fbf0519b411
1769344699: Sending PINGRESP to nodered435c5fbf0519b411
1769344708: New connection from ::1:42044 on port 1883.
1769344708: New client connected from ::1:42044 as healthcheck (p2, c1, k60).
1769344708: No will message specified.
1769344708: Sending CONNACK to healthcheck (0, 0)
1769344708: Received SUBSCRIBE from healthcheck
1769344708: 	/# (QoS 0)
1769344708: healthcheck 0 /#
1769344708: Sending SUBACK to healthcheck
1769344709: Received DISCONNECT from healthcheck
1769344709: Client healthcheck disconnected.
1769344719: New connection from ::1:60952 on port 1883.
1769344719: New client connected from ::1:60952 as healthcheck (p2, c1, k60).
1769344719: No will message specified.
1769344719: Sending CONNACK to healthcheck (0, 0)
1769344719: Received SUBSCRIBE from healthcheck
1769344719: 	/# (QoS 0)
1769344719: healthcheck 0 /#
1769344719: Sending SUBACK to healthcheck
1769344720: Received DISCONNECT from healthcheck
1769344720: Client healthcheck disconnected.
1769344730: New connection from ::1:50056 on port 1883.
1769344730: New client connected from ::1:50056 as healthcheck (p2, c1, k60).
1769344730: No will message specified.
1769344730: Sending CONNACK to healthcheck (0, 0)
1769344730: Received SUBSCRIBE from healthcheck
1769344730: 	/# (QoS 0)
1769344730: healthcheck 0 /#
1769344730: Sending SUBACK to healthcheck
1769344731: Received DISCONNECT from healthcheck
1769344731: Client healthcheck disconnected.
1769344741: New connection from ::1:38734 on port 1883.
1769344741: New client connected from ::1:38734 as healthcheck (p2, c1, k60).
1769344741: No will message specified.
1769344741: Sending CONNACK to healthcheck (0, 0)
1769344741: Received SUBSCRIBE from healthcheck
1769344741: 	/# (QoS 0)
1769344741: healthcheck 0 /#
1769344741: Sending SUBACK to healthcheck
1769344742: Received DISCONNECT from healthcheck
1769344742: Client healthcheck disconnected.
1769344752: New connection from ::1:55834 on port 1883.
1769344752: New client connected from ::1:55834 as healthcheck (p2, c1, k60).
1769344752: No will message specified.
1769344752: Sending CONNACK to healthcheck (0, 0)
1769344752: Received SUBSCRIBE from healthcheck
1769344752: 	/# (QoS 0)
1769344752: healthcheck 0 /#
1769344752: Sending SUBACK to healthcheck
1769344753: Received DISCONNECT from healthcheck
1769344753: Client healthcheck disconnected.
1769344759: Received PINGREQ from nodered435c5fbf0519b411
1769344759: Sending PINGRESP to nodered435c5fbf0519b411
1769344763: New connection from ::1:52468 on port 1883.
1769344763: New client connected from ::1:52468 as healthcheck (p2, c1, k60).
1769344763: No will message specified.
1769344763: Sending CONNACK to healthcheck (0, 0)
1769344763: Received SUBSCRIBE from healthcheck
1769344763: 	/# (QoS 0)
1769344763: healthcheck 0 /#
1769344763: Sending SUBACK to healthcheck
1769344764: Received DISCONNECT from healthcheck
1769344764: Client healthcheck disconnected.
1769344774: New connection from ::1:49402 on port 1883.
1769344774: New client connected from ::1:49402 as healthcheck (p2, c1, k60).
1769344774: No will message specified.
1769344774: Sending CONNACK to healthcheck (0, 0)
1769344774: Received SUBSCRIBE from healthcheck
1769344774: 	/# (QoS 0)
1769344774: healthcheck 0 /#
1769344774: Sending SUBACK to healthcheck
1769344775: Received DISCONNECT from healthcheck
1769344775: Client healthcheck disconnected.
1769344786: New connection from ::1:56128 on port 1883.
1769344786: New client connected from ::1:56128 as healthcheck (p2, c1, k60).
1769344786: No will message specified.
1769344786: Sending CONNACK to healthcheck (0, 0)
1769344786: Received SUBSCRIBE from healthcheck
1769344786: 	/# (QoS 0)
1769344786: healthcheck 0 /#
1769344786: Sending SUBACK to healthcheck
1769344787: Received DISCONNECT from healthcheck
1769344787: Client healthcheck disconnected.
1769344797: New connection from ::1:53548 on port 1883.
1769344797: New client connected from ::1:53548 as healthcheck (p2, c1, k60).
1769344797: No will message specified.
1769344797: Sending CONNACK to healthcheck (0, 0)
1769344797: Received SUBSCRIBE from healthcheck
1769344797: 	/# (QoS 0)
1769344797: healthcheck 0 /#
1769344797: Sending SUBACK to healthcheck
1769344798: Received DISCONNECT from healthcheck
1769344798: Client healthcheck disconnected.
1769344808: New connection from ::1:35848 on port 1883.
1769344808: New client connected from ::1:35848 as healthcheck (p2, c1, k60).
1769344808: No will message specified.
1769344808: Sending CONNACK to healthcheck (0, 0)
1769344808: Received SUBSCRIBE from healthcheck
1769344808: 	/# (QoS 0)
1769344808: healthcheck 0 /#
1769344808: Sending SUBACK to healthcheck
1769344809: Received DISCONNECT from healthcheck
1769344809: Client healthcheck disconnected.
1769344818: Received PINGREQ from nodered435c5fbf0519b411
1769344818: Sending PINGRESP to nodered435c5fbf0519b411
1769344819: New connection from ::1:51954 on port 1883.
1769344819: New client connected from ::1:51954 as healthcheck (p2, c1, k60).
1769344819: No will message specified.
1769344819: Sending CONNACK to healthcheck (0, 0)
1769344819: Received SUBSCRIBE from healthcheck
1769344819: 	/# (QoS 0)
1769344819: healthcheck 0 /#
1769344819: Sending SUBACK to healthcheck
1769344820: Received DISCONNECT from healthcheck
1769344820: Client healthcheck disconnected.
1769344830: New connection from ::1:37858 on port 1883.
1769344830: New client connected from ::1:37858 as healthcheck (p2, c1, k60).
1769344830: No will message specified.
1769344830: Sending CONNACK to healthcheck (0, 0)
1769344830: Received SUBSCRIBE from healthcheck
1769344830: 	/# (QoS 0)
1769344830: healthcheck 0 /#
1769344830: Sending SUBACK to healthcheck
1769344831: Received DISCONNECT from healthcheck
1769344831: Client healthcheck disconnected.
